#
# There is insufficient memory for the Java Runtime Environment to continue.
# Native memory allocation (malloc) failed to allocate 728656 bytes for Chunk::new
# Possible reasons:
#   The system is out of physical RAM or swap space
#   The process is running with CompressedOops enabled, and the Java Heap may be blocking the growth of the native heap
# Possible solutions:
#   Reduce memory load on the system
#   Increase physical memory or swap space
#   Check if swap backing store is full
#   Decrease Java heap size (-Xmx/-Xms)
#   Decrease number of Java threads
#   Decrease Java thread stack sizes (-Xss)
#   Set larger code cache with -XX:ReservedCodeCacheSize=
#   JVM is running with Unscaled Compressed Oops mode in which the Java heap is
#     placed in the first 4GB address space. The Java Heap base address is the
#     maximum limit for the native heap growth. Please use -XX:HeapBaseMinAddress
#     to set the Java Heap base and to place the Java Heap above 4GB virtual address.
# This output file may be truncated or incomplete.
#
#  Out of Memory Error (allocation.cpp:389), pid=7152, tid=0x00000000000056dc
#
# JRE version: OpenJDK Runtime Environment (8.0_242-b01) (build 1.8.0_242-release-1644-b01)
# Java VM: OpenJDK 64-Bit Server VM (25.242-b01 mixed mode windows-amd64 compressed oops)
# Failed to write core dump. Minidumps are not enabled by default on client versions of Windows
#

---------------  T H R E A D  ---------------

Current thread (0x000000001a073800):  JavaThread "C2 CompilerThread1" daemon [_thread_in_native, id=22236, stack(0x000000001aa40000,0x000000001ab40000)]

Stack: [0x000000001aa40000,0x000000001ab40000]
[error occurred during error reporting (printing stack bounds), id 0xc0000005]

Native frames: (J=compiled Java code, j=interpreted, Vv=VM code, C=native code)


Current CompileTask:
C2:  57293 6520       4       org.gradle.internal.service.DefaultServiceRegistry$OwnServices$ProviderAnalyser::analyseType (114 bytes)


---------------  P R O C E S S  ---------------

Java Threads: ( => current thread )
  0x0000000021636800 JavaThread "Build operations Thread 8" [_thread_blocked, id=132, stack(0x00000000304a0000,0x00000000305a0000)]
  0x0000000021633800 JavaThread "Build operations Thread 7" [_thread_blocked, id=8528, stack(0x00000000303a0000,0x00000000304a0000)]
  0x000000002162f000 JavaThread "Build operations Thread 6" [_thread_blocked, id=16856, stack(0x00000000302a0000,0x00000000303a0000)]
  0x0000000021630000 JavaThread "Build operations Thread 5" [_thread_blocked, id=22408, stack(0x000000002ed40000,0x000000002ee40000)]
  0x0000000021630800 JavaThread "Build operations Thread 4" [_thread_blocked, id=21544, stack(0x000000002e1f0000,0x000000002e2f0000)]
  0x000000001b250000 JavaThread "Build operations Thread 3" [_thread_blocked, id=22496, stack(0x000000002dcc0000,0x000000002ddc0000)]
  0x000000001f7dd000 JavaThread "Build operations Thread 2" [_thread_blocked, id=21856, stack(0x00000000278c0000,0x00000000279c0000)]
  0x000000001f7d5800 JavaThread "Build operations" [_thread_blocked, id=16252, stack(0x00000000267e0000,0x00000000268e0000)]
  0x000000001f7dc000 JavaThread "Cache worker for Build Output Cleanup Cache (D:\Users\kalma\Egyetem\7\SZAKDOLGOZAT\inventory\inventory_client4\.gradle\buildOutputCleanup)" [_thread_blocked, id=11400, stack(0x00000000252e0000,0x00000000253e0000)]
  0x000000001ffee000 JavaThread "Cache worker for cache directory md-rule (C:\Users\kalma\.gradle\caches\6.5\md-rule)" [_thread_blocked, id=2928, stack(0x0000000024cb0000,0x0000000024db0000)]
  0x000000001ffe1800 JavaThread "Cache worker for cache directory md-supplier (C:\Users\kalma\.gradle\caches\6.5\md-supplier)" [_thread_blocked, id=18720, stack(0x00000000237c0000,0x00000000238c0000)]
  0x000000001ffe6000 JavaThread "Cache worker for checksums cache (D:\Users\kalma\Egyetem\7\SZAKDOLGOZAT\inventory\inventory_client4\.gradle\checksums)" [_thread_blocked, id=10752, stack(0x0000000022ec0000,0x0000000022fc0000)]
  0x000000001ffe2800 JavaThread "Cache worker for file hash cache (D:\Users\kalma\Egyetem\7\SZAKDOLGOZAT\inventory\inventory_client4\.gradle\6.5\fileHashes)" [_thread_blocked, id=6688, stack(0x0000000022dc0000,0x0000000022ec0000)]
  0x000000001ffe1000 JavaThread "Thread-145" [_thread_blocked, id=15084, stack(0x0000000022cc0000,0x0000000022dc0000)]
  0x000000001ffe7800 JavaThread "Stdin handler" [_thread_blocked, id=8968, stack(0x0000000020530000,0x0000000020630000)]
  0x000000001ffe5800 JavaThread "Asynchronous log dispatcher for DefaultDaemonConnection: socket connection from /127.0.0.1:1107 to /127.0.0.1:1158" [_thread_blocked, id=17668, stack(0x000000001eb60000,0x000000001ec60000)]
  0x000000001ffe4800 JavaThread "Cancel handler" [_thread_blocked, id=8668, stack(0x000000001ea60000,0x000000001eb60000)]
  0x000000001ffe4000 JavaThread "Handler for socket connection from /127.0.0.1:1107 to /127.0.0.1:1158" [_thread_in_native, id=13936, stack(0x000000001e960000,0x000000001ea60000)]
  0x0000000026241000 JavaThread "jar transforms Thread 114" [_thread_blocked, id=12040, stack(0x000000002d9c0000,0x000000002dac0000)]
  0x0000000026240800 JavaThread "jar transforms Thread 113" [_thread_blocked, id=8344, stack(0x000000002d8c0000,0x000000002d9c0000)]
  0x0000000026239000 JavaThread "jar transforms Thread 112" [_thread_blocked, id=22520, stack(0x000000002d7c0000,0x000000002d8c0000)]
  0x000000002623e000 JavaThread "jar transforms Thread 111" [_thread_blocked, id=22348, stack(0x000000002d6c0000,0x000000002d7c0000)]
  0x000000002623b000 JavaThread "jar transforms Thread 110" [_thread_blocked, id=11544, stack(0x000000002d5c0000,0x000000002d6c0000)]
  0x000000002623a800 JavaThread "jar transforms Thread 109" [_thread_blocked, id=6736, stack(0x000000002d4c0000,0x000000002d5c0000)]
  0x000000002623f800 JavaThread "jar transforms Thread 108" [_thread_blocked, id=16844, stack(0x000000002d3c0000,0x000000002d4c0000)]
  0x000000002623d800 JavaThread "jar transforms Thread 107" [_thread_blocked, id=544, stack(0x000000002d2c0000,0x000000002d3c0000)]
  0x000000002623f000 JavaThread "jar transforms Thread 106" [_thread_blocked, id=13420, stack(0x000000002d1c0000,0x000000002d2c0000)]
  0x000000002623c800 JavaThread "jar transforms Thread 105" [_thread_blocked, id=11832, stack(0x000000002d0c0000,0x000000002d1c0000)]
  0x0000000026239800 JavaThread "jar transforms Thread 104" [_thread_blocked, id=15240, stack(0x000000002cfc0000,0x000000002d0c0000)]
  0x0000000026238000 JavaThread "jar transforms Thread 103" [_thread_blocked, id=12968, stack(0x000000002cdc0000,0x000000002cec0000)]
  0x0000000026237800 JavaThread "jar transforms Thread 102" [_thread_blocked, id=21792, stack(0x000000002ccc0000,0x000000002cdc0000)]
  0x000000002623c000 JavaThread "jar transforms Thread 101" [_thread_blocked, id=21788, stack(0x000000002cbc0000,0x000000002ccc0000)]
  0x0000000026236800 JavaThread "jar transforms Thread 100" [_thread_blocked, id=10352, stack(0x000000002cac0000,0x000000002cbc0000)]
  0x0000000026235000 JavaThread "jar transforms Thread 99" [_thread_blocked, id=13380, stack(0x000000002c9c0000,0x000000002cac0000)]
  0x0000000026234800 JavaThread "jar transforms Thread 98" [_thread_blocked, id=14892, stack(0x000000002c8c0000,0x000000002c9c0000)]
  0x0000000026232000 JavaThread "jar transforms Thread 97" [_thread_blocked, id=6748, stack(0x000000002c7c0000,0x000000002c8c0000)]
  0x0000000026233800 JavaThread "jar transforms Thread 96" [_thread_blocked, id=6612, stack(0x000000002c6c0000,0x000000002c7c0000)]
  0x0000000026236000 JavaThread "jar transforms Thread 95" [_thread_blocked, id=13740, stack(0x000000002c5c0000,0x000000002c6c0000)]
  0x0000000026233000 JavaThread "jar transforms Thread 94" [_thread_blocked, id=16772, stack(0x000000002c4c0000,0x000000002c5c0000)]
  0x000000001bec0000 JavaThread "jar transforms Thread 93" [_thread_blocked, id=19380, stack(0x000000002c3c0000,0x000000002c4c0000)]
  0x000000001bebe800 JavaThread "jar transforms Thread 92" [_thread_blocked, id=9964, stack(0x000000002c2c0000,0x000000002c3c0000)]
  0x000000001bebd800 JavaThread "jar transforms Thread 91" [_thread_blocked, id=2568, stack(0x000000002c1c0000,0x000000002c2c0000)]
  0x000000001bebf000 JavaThread "jar transforms Thread 90" [_thread_blocked, id=18316, stack(0x000000002c0c0000,0x000000002c1c0000)]
  0x000000001bec1800 JavaThread "jar transforms Thread 89" [_thread_blocked, id=15432, stack(0x000000002bfc0000,0x000000002c0c0000)]
  0x000000001bec0800 JavaThread "jar transforms Thread 88" [_thread_blocked, id=19504, stack(0x000000002bec0000,0x000000002bfc0000)]
  0x000000001bebd000 JavaThread "jar transforms Thread 87" [_thread_blocked, id=11600, stack(0x000000002bdc0000,0x000000002bec0000)]
  0x000000001bebb800 JavaThread "jar transforms Thread 86" [_thread_blocked, id=11372, stack(0x000000002bcc0000,0x000000002bdc0000)]
  0x000000001bec2000 JavaThread "jar transforms Thread 85" [_thread_blocked, id=8824, stack(0x000000002bbc0000,0x000000002bcc0000)]
  0x000000001bebc000 JavaThread "jar transforms Thread 84" [_thread_blocked, id=9880, stack(0x000000002bac0000,0x000000002bbc0000)]
  0x000000001beb4000 JavaThread "jar transforms Thread 83" [_thread_blocked, id=12992, stack(0x000000002b9c0000,0x000000002bac0000)]
  0x000000001beb7800 JavaThread "jar transforms Thread 82" [_thread_blocked, id=2660, stack(0x000000002b8c0000,0x000000002b9c0000)]
  0x000000001beb6000 JavaThread "jar transforms Thread 81" [_thread_blocked, id=21540, stack(0x000000002b7c0000,0x000000002b8c0000)]
  0x000000001beba800 JavaThread "jar transforms Thread 80" [_thread_blocked, id=4036, stack(0x000000002b6c0000,0x000000002b7c0000)]
  0x000000001beb3000 JavaThread "jar transforms Thread 79" [_thread_blocked, id=11056, stack(0x000000002b5c0000,0x000000002b6c0000)]
  0x000000001beb5800 JavaThread "jar transforms Thread 78" [_thread_blocked, id=14904, stack(0x000000002b4c0000,0x000000002b5c0000)]
  0x000000001beb7000 JavaThread "jar transforms Thread 77" [_thread_blocked, id=2912, stack(0x000000002b3c0000,0x000000002b4c0000)]
  0x000000001beba000 JavaThread "jar transforms Thread 76" [_thread_blocked, id=16108, stack(0x000000002b2c0000,0x000000002b3c0000)]
  0x000000001beb9000 JavaThread "jar transforms Thread 75" [_thread_blocked, id=19304, stack(0x000000002b1c0000,0x000000002b2c0000)]
  0x000000001beb4800 JavaThread "jar transforms Thread 74" [_thread_blocked, id=21432, stack(0x000000002b0c0000,0x000000002b1c0000)]
  0x000000001beb8800 JavaThread "jar transforms Thread 73" [_thread_blocked, id=20096, stack(0x000000002afc0000,0x000000002b0c0000)]
  0x0000000021340800 JavaThread "jar transforms Thread 72" [_thread_blocked, id=21380, stack(0x000000002aec0000,0x000000002afc0000)]
  0x000000002133f000 JavaThread "jar transforms Thread 71" [_thread_blocked, id=15056, stack(0x000000002adc0000,0x000000002aec0000)]
  0x0000000021343800 JavaThread "jar transforms Thread 70" [_thread_blocked, id=21248, stack(0x000000002acc0000,0x000000002adc0000)]
  0x000000002133c000 JavaThread "jar transforms Thread 69" [_thread_blocked, id=22352, stack(0x000000002abc0000,0x000000002acc0000)]
  0x0000000021343000 JavaThread "jar transforms Thread 68" [_thread_blocked, id=1336, stack(0x000000002aac0000,0x000000002abc0000)]
  0x0000000021341800 JavaThread "jar transforms Thread 67" [_thread_blocked, id=21532, stack(0x000000002a9c0000,0x000000002aac0000)]
  0x000000002133d800 JavaThread "jar transforms Thread 66" [_thread_blocked, id=11088, stack(0x000000002a8c0000,0x000000002a9c0000)]
  0x0000000021342000 JavaThread "jar transforms Thread 65" [_thread_blocked, id=3276, stack(0x000000002a7c0000,0x000000002a8c0000)]
  0x000000002133d000 JavaThread "jar transforms Thread 64" [_thread_blocked, id=15204, stack(0x000000002a6c0000,0x000000002a7c0000)]
  0x000000002133b800 JavaThread "jar transforms Thread 63" [_thread_blocked, id=19896, stack(0x000000002a5c0000,0x000000002a6c0000)]
  0x000000002133e800 JavaThread "jar transforms Thread 62" [_thread_blocked, id=16124, stack(0x000000002a4c0000,0x000000002a5c0000)]
  0x0000000021340000 JavaThread "jar transforms Thread 61" [_thread_blocked, id=2372, stack(0x000000002a3c0000,0x000000002a4c0000)]
  0x0000000021334800 JavaThread "jar transforms Thread 60" [_thread_blocked, id=13600, stack(0x000000002a2c0000,0x000000002a3c0000)]
  0x000000002133a000 JavaThread "jar transforms Thread 59" [_thread_blocked, id=10464, stack(0x000000002a1c0000,0x000000002a2c0000)]
  0x0000000021337800 JavaThread "jar transforms Thread 58" [_thread_blocked, id=22188, stack(0x000000002a0c0000,0x000000002a1c0000)]
  0x0000000021339000 JavaThread "jar transforms Thread 57" [_thread_blocked, id=22356, stack(0x0000000029fc0000,0x000000002a0c0000)]
  0x0000000021335000 JavaThread "jar transforms Thread 56" [_thread_blocked, id=21552, stack(0x0000000029ec0000,0x0000000029fc0000)]
  0x0000000021338800 JavaThread "jar transforms Thread 55" [_thread_blocked, id=11068, stack(0x0000000029dc0000,0x0000000029ec0000)]
  0x0000000021336000 JavaThread "jar transforms Thread 54" [_thread_blocked, id=10500, stack(0x0000000029cc0000,0x0000000029dc0000)]
  0x0000000021336800 JavaThread "jar transforms Thread 53" [_thread_blocked, id=6732, stack(0x0000000029bc0000,0x0000000029cc0000)]
  0x000000002133a800 JavaThread "jar transforms Thread 52" [_thread_blocked, id=18220, stack(0x0000000029ac0000,0x0000000029bc0000)]
  0x000000001f3d2800 JavaThread "jar transforms Thread 51" [_thread_blocked, id=11280, stack(0x00000000299c0000,0x0000000029ac0000)]
  0x000000001f3d1800 JavaThread "jar transforms Thread 50" [_thread_blocked, id=15256, stack(0x00000000298c0000,0x00000000299c0000)]
  0x000000001f3d3000 JavaThread "jar transforms Thread 49" [_thread_blocked, id=13056, stack(0x00000000297c0000,0x00000000298c0000)]
  0x000000001f3d7800 JavaThread "jar transforms Thread 48" [_thread_blocked, id=10276, stack(0x00000000296c0000,0x00000000297c0000)]
  0x000000001f3d4800 JavaThread "jar transforms Thread 47" [_thread_blocked, id=7808, stack(0x00000000295c0000,0x00000000296c0000)]
  0x000000001f3d4000 JavaThread "jar transforms Thread 46" [_thread_blocked, id=13788, stack(0x00000000294c0000,0x00000000295c0000)]
  0x000000001f3d1000 JavaThread "jar transforms Thread 45" [_thread_blocked, id=11768, stack(0x00000000293c0000,0x00000000294c0000)]
  0x000000001f3d6000 JavaThread "jar transforms Thread 44" [_thread_blocked, id=7884, stack(0x00000000292c0000,0x00000000293c0000)]
  0x000000001f3d7000 JavaThread "jar transforms Thread 43" [_thread_blocked, id=3724, stack(0x00000000291c0000,0x00000000292c0000)]
  0x000000001f3d0000 JavaThread "jar transforms Thread 42" [_thread_blocked, id=1668, stack(0x00000000290c0000,0x00000000291c0000)]
  0x000000001f3d5800 JavaThread "jar transforms Thread 41" [_thread_blocked, id=6900, stack(0x0000000028fc0000,0x00000000290c0000)]
  0x000000001f3c9000 JavaThread "jar transforms Thread 40" [_thread_blocked, id=6516, stack(0x0000000028ec0000,0x0000000028fc0000)]
  0x000000001f3c8800 JavaThread "jar transforms Thread 39" [_thread_blocked, id=14860, stack(0x0000000028dc0000,0x0000000028ec0000)]
  0x000000001f3cf000 JavaThread "jar transforms Thread 38" [_thread_blocked, id=22208, stack(0x0000000028cc0000,0x0000000028dc0000)]
  0x000000001f3ce800 JavaThread "jar transforms Thread 37" [_thread_blocked, id=6788, stack(0x0000000028bc0000,0x0000000028cc0000)]
  0x000000001f3cd800 JavaThread "jar transforms Thread 36" [_thread_blocked, id=11676, stack(0x0000000028ac0000,0x0000000028bc0000)]
  0x000000001f3cc000 JavaThread "jar transforms Thread 35" [_thread_blocked, id=19984, stack(0x00000000289c0000,0x0000000028ac0000)]
  0x000000001f3cb800 JavaThread "jar transforms Thread 34" [_thread_blocked, id=4852, stack(0x00000000288c0000,0x00000000289c0000)]
  0x000000001f3ca800 JavaThread "jar transforms Thread 33" [_thread_blocked, id=21572, stack(0x00000000287c0000,0x00000000288c0000)]
  0x000000001f3ca000 JavaThread "jar transforms Thread 32" [_thread_blocked, id=11148, stack(0x00000000286c0000,0x00000000287c0000)]
  0x000000001f3cd000 JavaThread "jar transforms Thread 31" [_thread_blocked, id=11948, stack(0x00000000285c0000,0x00000000286c0000)]
  0x000000001ffeb800 JavaThread "jar transforms Thread 30" [_thread_blocked, id=11960, stack(0x00000000284c0000,0x00000000285c0000)]
  0x000000001ffeb000 JavaThread "jar transforms Thread 29" [_thread_blocked, id=20796, stack(0x00000000283c0000,0x00000000284c0000)]
  0x000000001ffea000 JavaThread "jar transforms Thread 28" [_thread_blocked, id=16888, stack(0x00000000282c0000,0x00000000283c0000)]
  0x000000001ffef800 JavaThread "jar transforms Thread 27" [_thread_blocked, id=21828, stack(0x00000000281c0000,0x00000000282c0000)]
  0x000000001ffec800 JavaThread "jar transforms Thread 26" [_thread_blocked, id=11624, stack(0x00000000280c0000,0x00000000281c0000)]
  0x000000001ffe9000 JavaThread "jar transforms Thread 25" [_thread_blocked, id=11288, stack(0x0000000027fc0000,0x00000000280c0000)]
  0x000000001ffee800 JavaThread "jar transforms Thread 24" [_thread_blocked, id=11604, stack(0x0000000027ec0000,0x0000000027fc0000)]
  0x000000001ffed000 JavaThread "jar transforms Thread 23" [_thread_blocked, id=12032, stack(0x0000000027dc0000,0x0000000027ec0000)]
  0x000000001fff0000 JavaThread "jar transforms Thread 22" [_thread_blocked, id=11456, stack(0x0000000027cc0000,0x0000000027dc0000)]
  0x000000001ffe8800 JavaThread "jar transforms Thread 21" [_thread_blocked, id=2408, stack(0x0000000027bc0000,0x0000000027cc0000)]
  0x000000001f7dd800 JavaThread "Cache worker for file content cache (C:\Users\kalma\.gradle\caches\6.5\fileContent)" [_thread_blocked, id=13288, stack(0x00000000236c0000,0x00000000237c0000)]
  0x000000001f7d6000 JavaThread "Cache worker for execution history cache (C:\Users\kalma\.gradle\caches\6.5\executionHistory)" [_thread_blocked, id=8572, stack(0x00000000231c0000,0x00000000232c0000)]
  0x000000001f7d4800 JavaThread "jar transforms Thread 20" [_thread_blocked, id=9976, stack(0x00000000229c0000,0x0000000022ac0000)]
  0x000000001f7db800 JavaThread "jar transforms Thread 19" [_thread_blocked, id=16392, stack(0x00000000228c0000,0x00000000229c0000)]
  0x000000001f7d7800 JavaThread "jar transforms Thread 18" [_thread_blocked, id=12712, stack(0x00000000227c0000,0x00000000228c0000)]
  0x000000001f7d4000 JavaThread "jar transforms Thread 17" [_thread_blocked, id=16548, stack(0x00000000226c0000,0x00000000227c0000)]
  0x000000001f7da800 JavaThread "jar transforms Thread 16" [_thread_blocked, id=14820, stack(0x00000000225c0000,0x00000000226c0000)]
  0x000000001f7da000 JavaThread "jar transforms Thread 15" [_thread_blocked, id=16852, stack(0x00000000224c0000,0x00000000225c0000)]
  0x000000001f7d7000 JavaThread "jar transforms Thread 14" [_thread_blocked, id=16056, stack(0x00000000223c0000,0x00000000224c0000)]
  0x000000001f7d9000 JavaThread "jar transforms Thread 13" [_thread_blocked, id=8548, stack(0x00000000222c0000,0x00000000223c0000)]
  0x000000001f7d1800 JavaThread "jar transforms Thread 12" [_thread_blocked, id=21404, stack(0x00000000221c0000,0x00000000222c0000)]
  0x000000001f7d3000 JavaThread "jar transforms Thread 11" [_thread_blocked, id=13304, stack(0x00000000220c0000,0x00000000221c0000)]
  0x000000001f7d8800 JavaThread "jar transforms Thread 10" [_thread_blocked, id=11700, stack(0x0000000021fc0000,0x00000000220c0000)]
  0x000000001f7d2800 JavaThread "jar transforms Thread 9" [_thread_blocked, id=12636, stack(0x0000000021ec0000,0x0000000021fc0000)]
  0x000000001f7d1000 JavaThread "jar transforms Thread 8" [_thread_blocked, id=15924, stack(0x0000000021dc0000,0x0000000021ec0000)]
  0x000000001b251800 JavaThread "jar transforms Thread 7" [_thread_blocked, id=21040, stack(0x0000000021cc0000,0x0000000021dc0000)]
  0x000000001b250800 JavaThread "jar transforms Thread 6" [_thread_blocked, id=5972, stack(0x0000000021bc0000,0x0000000021cc0000)]
  0x000000001b253800 JavaThread "jar transforms Thread 5" [_thread_blocked, id=19292, stack(0x0000000021ac0000,0x0000000021bc0000)]
  0x000000001b24f000 JavaThread "jar transforms Thread 4" [_thread_blocked, id=15892, stack(0x00000000219c0000,0x0000000021ac0000)]
  0x000000001b256000 JavaThread "jar transforms Thread 3" [_thread_blocked, id=9388, stack(0x00000000218c0000,0x00000000219c0000)]
  0x000000001b252000 JavaThread "jar transforms Thread 2" [_thread_blocked, id=11628, stack(0x00000000217c0000,0x00000000218c0000)]
  0x000000001b253000 JavaThread "jar transforms" [_thread_blocked, id=1564, stack(0x00000000216c0000,0x00000000217c0000)]
  0x000000001b254800 JavaThread "Cache worker for file hash cache (C:\Users\kalma\.gradle\caches\6.5\fileHashes)" [_thread_blocked, id=8312, stack(0x000000001f060000,0x000000001f160000)]
  0x000000001b255000 JavaThread "File lock request listener" [_thread_in_native, id=21888, stack(0x000000001ef60000,0x000000001f060000)]
  0x000000001cc2e000 JavaThread "Cache worker for journal cache (C:\Users\kalma\.gradle\caches\journal-1)" [_thread_blocked, id=9220, stack(0x000000001ee60000,0x000000001ef60000)]
  0x000000001cc61800 JavaThread "Daemon worker" [_thread_in_native, id=12976, stack(0x000000001e860000,0x000000001e960000)]
  0x000000001cb43000 JavaThread "Daemon" [_thread_blocked, id=10328, stack(0x000000001e460000,0x000000001e560000)]
  0x000000001cb6b800 JavaThread "Daemon periodic checks" [_thread_blocked, id=4176, stack(0x000000001e160000,0x000000001e260000)]
  0x000000001cb2e800 JavaThread "Incoming local TCP Connector on port 1107" [_thread_in_native, id=20000, stack(0x000000001df20000,0x000000001e020000)]
  0x000000001ca6f000 JavaThread "Daemon health stats" [_thread_blocked, id=9276, stack(0x000000001d8e0000,0x000000001d9e0000)]
  0x000000001a116800 JavaThread "Service Thread" daemon [_thread_blocked, id=22044, stack(0x000000001ad40000,0x000000001ae40000)]
  0x000000001a080800 JavaThread "C1 CompilerThread3" daemon [_thread_in_vm, id=18228, stack(0x000000001ac40000,0x000000001ad40000)]
  0x000000001a07c800 JavaThread "C2 CompilerThread2" daemon [_thread_in_native, id=19712, stack(0x000000001ab40000,0x000000001ac40000)]
=>0x000000001a073800 JavaThread "C2 CompilerThread1" daemon [_thread_in_native, id=22236, stack(0x000000001aa40000,0x000000001ab40000)]
  0x000000001a070800 JavaThread "C2 CompilerThread0" daemon [_thread_in_native, id=12876, stack(0x000000001a940000,0x000000001aa40000)]
  0x000000001a06f000 JavaThread "Attach Listener" daemon [_thread_blocked, id=11944, stack(0x000000001a840000,0x000000001a940000)]
  0x000000001a06e000 JavaThread "Signal Dispatcher" daemon [_thread_blocked, id=13004, stack(0x000000001a740000,0x000000001a840000)]
  0x000000001a060800 JavaThread "Finalizer" daemon [_thread_blocked, id=11940, stack(0x000000001a540000,0x000000001a640000)]
  0x000000001826c800 JavaThread "Reference Handler" daemon [_thread_blocked, id=848, stack(0x000000001a440000,0x000000001a540000)]
  0x0000000003102800 JavaThread "main" [_thread_blocked, id=20764, stack(0x0000000003000000,0x0000000003100000)]

Other Threads:
  0x0000000018265800 VMThread [stack: 0x0000000019f40000,0x000000001a040000] [id=22136]
  0x000000001a117800 WatcherThread [stack: 0x000000001ae40000,0x000000001af40000] [id=19308]

VM state:not at safepoint (normal execution)

VM Mutex/Monitor currently owned by a thread:  ([mutex/lock_event])
[0x0000000003101050] Compile_lock - owner thread: 0x000000001a080800
[0x0000000003100f50] MethodCompileQueue_lock - owner thread: 0x000000001a080800

heap address: 0x0000000080000000, size: 2048 MB, Compressed Oops mode: 32-bit
Narrow klass base: 0x0000000000000000, Narrow klass shift: 3
Compressed class space size: 1073741824 Address: 0x0000000100000000

Heap:
 PSYoungGen      total 221696K, used 143378K [0x00000000d5580000, 0x00000000e3f80000, 0x0000000100000000)
  eden space 209920K, 68% used [0x00000000d5580000,0x00000000de184a00,0x00000000e2280000)
  from space 11776K, 0% used [0x00000000e3400000,0x00000000e3400000,0x00000000e3f80000)
  to   space 14848K, 0% used [0x00000000e2280000,0x00000000e2280000,0x00000000e3100000)
 ParOldGen       total 96256K, used 39706K [0x0000000080000000, 0x0000000085e00000, 0x00000000d5580000)
  object space 96256K, 41% used [0x0000000080000000,0x00000000826c68e8,0x0000000085e00000)
 Metaspace       used 67255K, capacity 70246K, committed 70292K, reserved 1112064K
  class space    used 8769K, capacity 9394K, committed 9404K, reserved 1048576K

Card table byte_map: [0x00000000125c0000,0x00000000129d0000] byte_map_base: 0x00000000121c0000

Marking Bits: (ParMarkBitMap*) 0x000000006d9bf030
 Begin Bits: [0x0000000013480000, 0x0000000015480000)
 End Bits:   [0x0000000015480000, 0x0000000017480000)

Polling page: 0x0000000001730000

CodeCache: size=245760Kb used=20232Kb max_used=20232Kb free=225527Kb
 bounds [0x0000000003200000, 0x00000000045e0000, 0x0000000012200000]
 total_blobs=6777 nmethods=5973 adapters=712
 compilation: enabled

Compilation events (10 events):
Event: 57.252 Thread 0x000000001a080800 nmethod 6770 0x0000000004596450 code [0x00000000045965a0, 0x00000000045966b0]
Event: 57.252 Thread 0x000000001a080800 6771       3       org.gradle.internal.component.model.DefaultSelectedByVariantMatchingConfigurationMetadata::getAttributes (10 bytes)
Event: 57.252 Thread 0x000000001a080800 nmethod 6771 0x0000000004596710 code [0x0000000004596880, 0x0000000004596aa8]
Event: 57.252 Thread 0x000000001a070800 6772       4       org.gradle.internal.serialize.kryo.StringDeduplicatingKryoBackedEncoder::writeNullableString (114 bytes)
Event: 57.252 Thread 0x000000001a080800 6773       3       java.util.ArrayDeque::size (18 bytes)
Event: 57.253 Thread 0x000000001a080800 nmethod 6773 0x0000000004596b50 code [0x0000000004596ca0, 0x0000000004596e10]
Event: 57.253 Thread 0x000000001a080800 6774       3       java.util.AbstractList::hashCode (46 bytes)
Event: 57.253 Thread 0x000000001a080800 nmethod 6774 0x0000000004596ed0 code [0x0000000004597080, 0x00000000045975f8]
Event: 57.253 Thread 0x000000001a080800 6775       3       org.gradle.internal.resolve.result.DefaultBuildableComponentIdResolveResult::safeBuild (13 bytes)
Event: 57.253 Thread 0x000000001a080800 nmethod 6775 0x0000000004597790 code [0x0000000004597900, 0x0000000004597ba8]

GC Heap History (10 events):
Event: 5.796 GC heap before
{Heap before GC invocations=7 (full 1):
 PSYoungGen      total 141824K, used 47493K [0x00000000d5580000, 0x00000000e4380000, 0x0000000100000000)
  eden space 131072K, 28% used [0x00000000d5580000,0x00000000d79667a0,0x00000000dd580000)
  from space 10752K, 99% used [0x00000000dd580000,0x00000000ddffad70,0x00000000de000000)
  to   space 15872K, 0% used [0x00000000e3400000,0x00000000e3400000,0x00000000e4380000)
 ParOldGen       total 96256K, used 10275K [0x0000000080000000, 0x0000000085e00000, 0x00000000d5580000)
  object space 96256K, 10% used [0x0000000080000000,0x0000000080a08ca8,0x0000000085e00000)
 Metaspace       used 34058K, capacity 35394K, committed 35416K, reserved 1079296K
  class space    used 4612K, capacity 4976K, committed 4992K, reserved 1048576K
Event: 5.805 GC heap after
Heap after GC invocations=7 (full 1):
 PSYoungGen      total 221696K, used 9143K [0x00000000d5580000, 0x00000000e3f80000, 0x0000000100000000)
  eden space 209920K, 0% used [0x00000000d5580000,0x00000000d5580000,0x00000000e2280000)
  from space 11776K, 77% used [0x00000000e3400000,0x00000000e3cedd10,0x00000000e3f80000)
  to   space 14848K, 0% used [0x00000000e2280000,0x00000000e2280000,0x00000000e3100000)
 ParOldGen       total 96256K, used 10283K [0x0000000080000000, 0x0000000085e00000, 0x00000000d5580000)
  object space 96256K, 10% used [0x0000000080000000,0x0000000080a0aca8,0x0000000085e00000)
 Metaspace       used 34058K, capacity 35394K, committed 35416K, reserved 1079296K
  class space    used 4612K, capacity 4976K, committed 4992K, reserved 1048576K
}
Event: 5.805 GC heap before
{Heap before GC invocations=8 (full 2):
 PSYoungGen      total 221696K, used 9143K [0x00000000d5580000, 0x00000000e3f80000, 0x0000000100000000)
  eden space 209920K, 0% used [0x00000000d5580000,0x00000000d5580000,0x00000000e2280000)
  from space 11776K, 77% used [0x00000000e3400000,0x00000000e3cedd10,0x00000000e3f80000)
  to   space 14848K, 0% used [0x00000000e2280000,0x00000000e2280000,0x00000000e3100000)
 ParOldGen       total 96256K, used 10283K [0x0000000080000000, 0x0000000085e00000, 0x00000000d5580000)
  object space 96256K, 10% used [0x0000000080000000,0x0000000080a0aca8,0x0000000085e00000)
 Metaspace       used 34058K, capacity 35394K, committed 35416K, reserved 1079296K
  class space    used 4612K, capacity 4976K, committed 4992K, reserved 1048576K
Event: 5.856 GC heap after
Heap after GC invocations=8 (full 2):
 PSYoungGen      total 221696K, used 0K [0x00000000d5580000, 0x00000000e3f80000, 0x0000000100000000)
  eden space 209920K, 0% used [0x00000000d5580000,0x00000000d5580000,0x00000000e2280000)
  from space 11776K, 0% used [0x00000000e3400000,0x00000000e3400000,0x00000000e3f80000)
  to   space 14848K, 0% used [0x00000000e2280000,0x00000000e2280000,0x00000000e3100000)
 ParOldGen       total 96256K, used 15639K [0x0000000080000000, 0x0000000085e00000, 0x00000000d5580000)
  object space 96256K, 16% used [0x0000000080000000,0x0000000080f45ef8,0x0000000085e00000)
 Metaspace       used 34058K, capacity 35394K, committed 35416K, reserved 1079296K
  class space    used 4612K, capacity 4976K, committed 4992K, reserved 1048576K
}
Event: 8.793 GC heap before
{Heap before GC invocations=9 (full 2):
 PSYoungGen      total 221696K, used 209920K [0x00000000d5580000, 0x00000000e3f80000, 0x0000000100000000)
  eden space 209920K, 100% used [0x00000000d5580000,0x00000000e2280000,0x00000000e2280000)
  from space 11776K, 0% used [0x00000000e3400000,0x00000000e3400000,0x00000000e3f80000)
  to   space 14848K, 0% used [0x00000000e2280000,0x00000000e2280000,0x00000000e3100000)
 ParOldGen       total 96256K, used 15639K [0x0000000080000000, 0x0000000085e00000, 0x00000000d5580000)
  object space 96256K, 16% used [0x0000000080000000,0x0000000080f45ef8,0x0000000085e00000)
 Metaspace       used 45428K, capacity 47564K, committed 47832K, reserved 1091584K
  class space    used 6139K, capacity 6558K, committed 6656K, reserved 1048576K
Event: 8.810 GC heap after
Heap after GC invocations=9 (full 2):
 PSYoungGen      total 224768K, used 14838K [0x00000000d5580000, 0x00000000e3f80000, 0x0000000100000000)
  eden space 209920K, 0% used [0x00000000d5580000,0x00000000d5580000,0x00000000e2280000)
  from space 14848K, 99% used [0x00000000e2280000,0x00000000e30fd9d8,0x00000000e3100000)
  to   space 11776K, 0% used [0x00000000e3400000,0x00000000e3400000,0x00000000e3f80000)
 ParOldGen       total 96256K, used 18068K [0x0000000080000000, 0x0000000085e00000, 0x00000000d5580000)
  object space 96256K, 18% used [0x0000000080000000,0x00000000811a5378,0x0000000085e00000)
 Metaspace       used 45428K, capacity 47564K, committed 47832K, reserved 1091584K
  class space    used 6139K, capacity 6558K, committed 6656K, reserved 1048576K
}
Event: 10.763 GC heap before
{Heap before GC invocations=10 (full 2):
 PSYoungGen      total 224768K, used 166927K [0x00000000d5580000, 0x00000000e3f80000, 0x0000000100000000)
  eden space 209920K, 72% used [0x00000000d5580000,0x00000000dea06448,0x00000000e2280000)
  from space 14848K, 99% used [0x00000000e2280000,0x00000000e30fd9d8,0x00000000e3100000)
  to   space 11776K, 0% used [0x00000000e3400000,0x00000000e3400000,0x00000000e3f80000)
 ParOldGen       total 96256K, used 18068K [0x0000000080000000, 0x0000000085e00000, 0x00000000d5580000)
  object space 96256K, 18% used [0x0000000080000000,0x00000000811a5378,0x0000000085e00000)
 Metaspace       used 56421K, capacity 58946K, committed 59028K, reserved 1099776K
  class space    used 7541K, capacity 8065K, committed 8124K, reserved 1048576K
Event: 10.789 GC heap after
Heap after GC invocations=10 (full 2):
 PSYoungGen      total 221696K, used 11760K [0x00000000d5580000, 0x00000000e3f80000, 0x0000000100000000)
  eden space 209920K, 0% used [0x00000000d5580000,0x00000000d5580000,0x00000000e2280000)
  from space 11776K, 99% used [0x00000000e3400000,0x00000000e3f7c040,0x00000000e3f80000)
  to   space 14848K, 0% used [0x00000000e2280000,0x00000000e2280000,0x00000000e3100000)
 ParOldGen       total 96256K, used 32109K [0x0000000080000000, 0x0000000085e00000, 0x00000000d5580000)
  object space 96256K, 33% used [0x0000000080000000,0x0000000081f5b760,0x0000000085e00000)
 Metaspace       used 56421K, capacity 58946K, committed 59028K, reserved 1099776K
  class space    used 7541K, capacity 8065K, committed 8124K, reserved 1048576K
}
Event: 10.789 GC heap before
{Heap before GC invocations=11 (full 3):
 PSYoungGen      total 221696K, used 11760K [0x00000000d5580000, 0x00000000e3f80000, 0x0000000100000000)
  eden space 209920K, 0% used [0x00000000d5580000,0x00000000d5580000,0x00000000e2280000)
  from space 11776K, 99% used [0x00000000e3400000,0x00000000e3f7c040,0x00000000e3f80000)
  to   space 14848K, 0% used [0x00000000e2280000,0x00000000e2280000,0x00000000e3100000)
 ParOldGen       total 96256K, used 32109K [0x0000000080000000, 0x0000000085e00000, 0x00000000d5580000)
  object space 96256K, 33% used [0x0000000080000000,0x0000000081f5b760,0x0000000085e00000)
 Metaspace       used 56421K, capacity 58946K, committed 59028K, reserved 1099776K
  class space    used 7541K, capacity 8065K, committed 8124K, reserved 1048576K
Event: 11.076 GC heap after
Heap after GC invocations=11 (full 3):
 PSYoungGen      total 221696K, used 0K [0x00000000d5580000, 0x00000000e3f80000, 0x0000000100000000)
  eden space 209920K, 0% used [0x00000000d5580000,0x00000000d5580000,0x00000000e2280000)
  from space 11776K, 0% used [0x00000000e3400000,0x00000000e3400000,0x00000000e3f80000)
  to   space 14848K, 0% used [0x00000000e2280000,0x00000000e2280000,0x00000000e3100000)
 ParOldGen       total 96256K, used 39706K [0x0000000080000000, 0x0000000085e00000, 0x00000000d5580000)
  object space 96256K, 41% used [0x0000000080000000,0x00000000826c68e8,0x0000000085e00000)
 Metaspace       used 56379K, capacity 58802K, committed 59028K, reserved 1099776K
  class space    used 7528K, capacity 8041K, committed 8124K, reserved 1048576K
}

Deoptimization events (10 events):
Event: 56.960 Thread 0x000000001cc61800 Uncommon trap: reason=array_check action=maybe_recompile pc=0x0000000003cbf870 method=java.util.AbstractCollection.toArray([Ljava/lang/Object;)[Ljava/lang/Object; @ 119
Event: 56.960 Thread 0x000000001cc61800 Uncommon trap: reason=array_check action=maybe_recompile pc=0x0000000003cbf870 method=java.util.AbstractCollection.toArray([Ljava/lang/Object;)[Ljava/lang/Object; @ 119
Event: 56.967 Thread 0x000000001cc61800 Uncommon trap: reason=array_check action=maybe_recompile pc=0x0000000003cbf870 method=java.util.AbstractCollection.toArray([Ljava/lang/Object;)[Ljava/lang/Object; @ 119
Event: 57.036 Thread 0x000000001cc61800 Uncommon trap: reason=unstable_if action=reinterpret pc=0x0000000003d4c340 method=java.lang.ClassValue.match(Ljava/lang/ClassValue$Entry;)Z @ 12
Event: 57.037 Thread 0x000000001cc61800 Uncommon trap: reason=unstable_if action=reinterpret pc=0x00000000042b36e0 method=java.lang.ClassValue.match(Ljava/lang/ClassValue$Entry;)Z @ 12
Event: 57.081 Thread 0x000000001cc61800 Uncommon trap: reason=unstable_if action=reinterpret pc=0x0000000003df8df0 method=java.lang.ClassValue.match(Ljava/lang/ClassValue$Entry;)Z @ 12
Event: 57.114 Thread 0x000000001cc61800 Uncommon trap: reason=bimorphic action=maybe_recompile pc=0x000000000438f384 method=java.util.Objects.equals(Ljava/lang/Object;Ljava/lang/Object;)Z @ 11
Event: 57.114 Thread 0x000000001cc61800 Uncommon trap: reason=bimorphic action=maybe_recompile pc=0x000000000438f384 method=java.util.Objects.equals(Ljava/lang/Object;Ljava/lang/Object;)Z @ 11
Event: 57.130 Thread 0x000000001cc61800 Uncommon trap: reason=bimorphic action=maybe_recompile pc=0x000000000438f384 method=java.util.Objects.equals(Ljava/lang/Object;Ljava/lang/Object;)Z @ 11
Event: 57.130 Thread 0x000000001cc61800 Uncommon trap: reason=bimorphic action=maybe_recompile pc=0x000000000438f384 method=java.util.Objects.equals(Ljava/lang/Object;Ljava/lang/Object;)Z @ 11

Classes redefined (0 events):
No events

Internal exceptions (10 events):
Event: 57.087 Thread 0x000000001cc61800 Exception <a 'java/lang/ClassNotFoundException': org/jetbrains/plugins/gradle/tooling/builder/DependencyGraphModelBuilderImplBeanInfo> (0x00000000dce01010) thrown at [C:\src\AOSP-openjdk-git\hotspot\src\share\vm\classfile\systemDictionary.cpp, line 210]
Event: 57.087 Thread 0x000000001cc61800 Exception <a 'java/lang/ClassNotFoundException': org/jetbrains/plugins/gradle/tooling/builder/DependencyGraphModelBuilderImplCustomizer> (0x00000000dce0d608) thrown at [C:\src\AOSP-openjdk-git\hotspot\src\share\vm\classfile\systemDictionary.cpp, line 210]
Event: 57.090 Thread 0x000000001cc61800 Exception <a 'java/lang/ClassNotFoundException': org/jetbrains/plugins/gradle/tooling/builder/ExternalTestsModelBuilderImplBeanInfo> (0x00000000dce5a308) thrown at [C:\src\AOSP-openjdk-git\hotspot\src\share\vm\classfile\systemDictionary.cpp, line 210]
Event: 57.090 Thread 0x000000001cc61800 Exception <a 'java/lang/ClassNotFoundException': org/jetbrains/plugins/gradle/tooling/builder/ExternalTestsModelBuilderImplCustomizer> (0x00000000dce66788) thrown at [C:\src\AOSP-openjdk-git\hotspot\src\share\vm\classfile\systemDictionary.cpp, line 210]
Event: 57.093 Thread 0x000000001cc61800 Exception <a 'java/lang/ClassNotFoundException': org/jetbrains/plugins/gradle/tooling/builder/ProjectExtensionsDataBuilderImplBeanInfo> (0x00000000dcebbc50) thrown at [C:\src\AOSP-openjdk-git\hotspot\src\share\vm\classfile\systemDictionary.cpp, line 210]
Event: 57.093 Thread 0x000000001cc61800 Exception <a 'java/lang/ClassNotFoundException': org/jetbrains/plugins/gradle/tooling/builder/ProjectExtensionsDataBuilderImplCustomizer> (0x00000000dcec8350) thrown at [C:\src\AOSP-openjdk-git\hotspot\src\share\vm\classfile\systemDictionary.cpp, line 210
Event: 57.094 Thread 0x000000001cc61800 Exception <a 'java/lang/ClassNotFoundException': org/jetbrains/plugins/gradle/tooling/builder/IntelliJSettingsBuilderBeanInfo> (0x00000000dcf023c0) thrown at [C:\src\AOSP-openjdk-git\hotspot\src\share\vm\classfile\systemDictionary.cpp, line 210]
Event: 57.095 Thread 0x000000001cc61800 Exception <a 'java/lang/ClassNotFoundException': org/jetbrains/plugins/gradle/tooling/builder/IntelliJSettingsBuilderCustomizer> (0x00000000dcf0f3f8) thrown at [C:\src\AOSP-openjdk-git\hotspot\src\share\vm\classfile\systemDictionary.cpp, line 210]
Event: 57.097 Thread 0x000000001cc61800 Exception <a 'java/lang/ClassNotFoundException': org/jetbrains/plugins/gradle/tooling/builder/IntelliJProjectSettingsBuilderBeanInfo> (0x00000000dcf4b080) thrown at [C:\src\AOSP-openjdk-git\hotspot\src\share\vm\classfile\systemDictionary.cpp, line 210]
Event: 57.097 Thread 0x000000001cc61800 Exception <a 'java/lang/ClassNotFoundException': org/jetbrains/plugins/gradle/tooling/builder/IntelliJProjectSettingsBuilderCustomizer> (0x00000000dcf57660) thrown at [C:\src\AOSP-openjdk-git\hotspot\src\share\vm\classfile\systemDictionary.cpp, line 210]

Events (10 events):
Event: 57.125 loading class RegistryProcessor$_extraModelBuilderIsRegistered_closure1
Event: 57.125 loading class RegistryProcessor$_extraModelBuilderIsRegistered_closure1 done
Event: 57.125 loading class groovy/runtime/metaclass/RegistryProcessor$_extraModelBuilderIsRegistered_closure1MetaClass
Event: 57.125 loading class groovy/runtime/metaclass/RegistryProcessor$_extraModelBuilderIsRegistered_closure1MetaClass done
Event: 57.130 Thread 0x000000001cc61800 Uncommon trap: trap_request=0xffffffc6 fr.pc=0x000000000438f384
Event: 57.130 Thread 0x000000001cc61800 DEOPT PACKING pc=0x000000000438f384 sp=0x000000001e95a920
Event: 57.130 Thread 0x000000001cc61800 DEOPT UNPACKING pc=0x000000000324557b sp=0x000000001e95a8c0 mode 2
Event: 57.130 Thread 0x000000001cc61800 Uncommon trap: trap_request=0xffffffc6 fr.pc=0x000000000438f384
Event: 57.130 Thread 0x000000001cc61800 DEOPT PACKING pc=0x000000000438f384 sp=0x000000001e95a970
Event: 57.130 Thread 0x000000001cc61800 DEOPT UNPACKING pc=0x000000000324557b sp=0x000000001e95a910 mode 2


Dynamic libraries:
0x00007ff73b780000 - 0x00007ff73b7b1000 	D:\Program Files\Android\Android Studio\jre\bin\java.exe
0x00007ffdc31d0000 - 0x00007ffdc33c5000 	C:\Windows\SYSTEM32\ntdll.dll
0x00007ffdc3020000 - 0x00007ffdc30de000 	C:\Windows\System32\KERNEL32.DLL
0x00007ffdc0920000 - 0x00007ffdc0be9000 	C:\Windows\System32\KERNELBASE.dll
0x00007ffdc2440000 - 0x00007ffdc24ec000 	C:\Windows\System32\ADVAPI32.dll
0x00007ffdc1650000 - 0x00007ffdc16ee000 	C:\Windows\System32\msvcrt.dll
0x00007ffdc2550000 - 0x00007ffdc25eb000 	C:\Windows\System32\sechost.dll
0x00007ffdc2710000 - 0x00007ffdc283a000 	C:\Windows\System32\RPCRT4.dll
0x00007ffdc18c0000 - 0x00007ffdc1a61000 	C:\Windows\System32\USER32.dll
0x00007ffdc08f0000 - 0x00007ffdc0912000 	C:\Windows\System32\win32u.dll
0x00007ffdc14e0000 - 0x00007ffdc150b000 	C:\Windows\System32\GDI32.dll
0x00007ffdc1010000 - 0x00007ffdc111b000 	C:\Windows\System32\gdi32full.dll
0x00007ffdc0f70000 - 0x00007ffdc100d000 	C:\Windows\System32\msvcp_win.dll
0x00007ffdc0c20000 - 0x00007ffdc0d20000 	C:\Windows\System32\ucrtbase.dll
0x00007ffdb36c0000 - 0x00007ffdb395a000 	C:\Windows\WinSxS\amd64_microsoft.windows.common-controls_6595b64144ccf1df_6.0.19041.1110_none_60b5254171f9507e\COMCTL32.dll
0x00007ffdc2680000 - 0x00007ffdc26b0000 	C:\Windows\System32\IMM32.DLL
0x000000006d030000 - 0x000000006d102000 	D:\Program Files\Android\Android Studio\jre\jre\bin\msvcr100.dll
0x000000006d1f0000 - 0x000000006da3b000 	D:\Program Files\Android\Android Studio\jre\jre\bin\server\jvm.dll
0x00007ffdc18a0000 - 0x00007ffdc18a8000 	C:\Windows\System32\PSAPI.DLL
0x00007ffdb84b0000 - 0x00007ffdb84ba000 	C:\Windows\SYSTEM32\VERSION.dll
0x00007ffdb4f40000 - 0x00007ffdb4f67000 	C:\Windows\SYSTEM32\WINMM.dll
0x00007ffdbb050000 - 0x00007ffdbb059000 	C:\Windows\SYSTEM32\WSOCK32.dll
0x00007ffdc2370000 - 0x00007ffdc23db000 	C:\Windows\System32\WS2_32.dll
0x00007ffdb6400000 - 0x00007ffdb640f000 	D:\Program Files\Android\Android Studio\jre\jre\bin\verify.dll
0x00007ffdab0c0000 - 0x00007ffdab0e9000 	D:\Program Files\Android\Android Studio\jre\jre\bin\java.dll
0x00007ffdaaca0000 - 0x00007ffdaacb6000 	D:\Program Files\Android\Android Studio\jre\jre\bin\zip.dll
0x00007ffdc1a70000 - 0x00007ffdc21af000 	C:\Windows\System32\SHELL32.dll
0x00007ffdbe9f0000 - 0x00007ffdbf180000 	C:\Windows\SYSTEM32\windows.storage.dll
0x00007ffdc2840000 - 0x00007ffdc2b95000 	C:\Windows\System32\combase.dll
0x00007ffdc0340000 - 0x00007ffdc036c000 	C:\Windows\SYSTEM32\Wldp.dll
0x00007ffdc1430000 - 0x00007ffdc14dd000 	C:\Windows\System32\SHCORE.dll
0x00007ffdc24f0000 - 0x00007ffdc2545000 	C:\Windows\System32\shlwapi.dll
0x00007ffdc0830000 - 0x00007ffdc084f000 	C:\Windows\SYSTEM32\profapi.dll
0x00007ffda3ee0000 - 0x00007ffda3efa000 	D:\Program Files\Android\Android Studio\jre\jre\bin\net.dll
0x00007ffdc00a0000 - 0x00007ffdc010a000 	C:\Windows\system32\mswsock.dll
0x00007ffda3ec0000 - 0x00007ffda3ed3000 	D:\Program Files\Android\Android Studio\jre\jre\bin\nio.dll
0x00007ffda1560000 - 0x00007ffda1587000 	C:\Users\kalma\.gradle\native\f6784746aeab05261644944871eae4fe03e0ef1612fff0a4a95f87b438bc6780\windows-amd64\native-platform.dll
0x00007ffdb5b40000 - 0x00007ffdb5b4d000 	D:\Program Files\Android\Android Studio\jre\jre\bin\management.dll
0x00007ffdc02a0000 - 0x00007ffdc02b8000 	C:\Windows\SYSTEM32\CRYPTSP.dll
0x00007ffdbf9b0000 - 0x00007ffdbf9e4000 	C:\Windows\system32\rsaenh.dll
0x00007ffdc0bf0000 - 0x00007ffdc0c17000 	C:\Windows\System32\bcrypt.dll
0x00007ffdc07b0000 - 0x00007ffdc07de000 	C:\Windows\SYSTEM32\USERENV.dll
0x00007ffdc0d20000 - 0x00007ffdc0da3000 	C:\Windows\System32\bcryptprimitives.dll
0x00007ffdc0290000 - 0x00007ffdc029c000 	C:\Windows\SYSTEM32\CRYPTBASE.dll
0x00007ffdbfd40000 - 0x00007ffdbfd7b000 	C:\Windows\SYSTEM32\IPHLPAPI.DLL
0x00007ffdc18b0000 - 0x00007ffdc18b8000 	C:\Windows\System32\NSI.dll
0x00007ffdb8fa0000 - 0x00007ffdb8fb7000 	C:\Windows\SYSTEM32\dhcpcsvc6.DLL
0x00007ffdb8f80000 - 0x00007ffdb8f9d000 	C:\Windows\SYSTEM32\dhcpcsvc.DLL
0x00007ffdbfd80000 - 0x00007ffdbfe4c000 	C:\Windows\SYSTEM32\DNSAPI.dll
0x00007ffdb9070000 - 0x00007ffdb907b000 	C:\Windows\SYSTEM32\WINNSI.DLL

VM Arguments:
jvm_args: -Xmx2048m -Dfile.encoding=UTF-8 -Duser.country=US -Duser.language=en -Duser.variant 
java_command: org.gradle.launcher.daemon.bootstrap.GradleDaemon 6.5
java_class_path (initial): C:\Users\kalma\.gradle\wrapper\dists\gradle-6.5-all\2oz4ud9k3tuxjg84bbf55q0tn\gradle-6.5\lib\gradle-launcher-6.5.jar
Launcher Type: SUN_STANDARD

Environment Variables:
PATH=D:\Program Files (x86)\VMware\VMware Player\bin\;C:\Program Files\Common Files\Oracle\Java\javapath;C:\Program Files (x86)\Common Files\Oracle\Java\javapath;C:\ProgramData\Oracle\Java\javapath;C:\Python39\Scripts\;C:\Python39\;C:\Windows\system32;C:\Windows;C:\Windows\System32\Wbem;C:\Windows\System32\WindowsPowerShell\v1.0\;C:\Windows\System32\OpenSSH\;D:\Program Files\nodejs\;C:\ProgramData\chocolatey\bin;D:\Program Files (x86)\qbittorrent-cli\;D:\Program Files (x86)\WinSCP\;D:\Program Files\PuTTY\;D:\ProgramFiles\MinGW\bin\;C:\Users\kalma\AppData\Local\Microsoft\WindowsApps;D:\Program Files (x86)\Telerik Fiddler\Fiddler;C:\Users\kalma\AppData\Roaming\npm;D:\Program Files\Microsoft VS Code\bin;C:\Users\kalma\AppData\Local\GitHubDesktop\bin;D:\Program Files (x86)\Nmap;D:\Python27;D:\Python27\Scripts;D:\Program Files\CIRCLE;D:\Program Files\Git\cmd;D:\temp\mkvtool\MKVToolNix;C:\Program Files\dotnet\;D:\Program Files\erl10.7\bin;D:\Program Files (x86)\Elixir\bin;%USERPROFILE%\.mix\escripts;C:\Users\kalma\AppData\Local\Microsoft\WindowsApps;D:\Program Files (x86)\Telerik Fiddler\Fiddler;C:\Users\kalma\AppData\Roaming\npm;D:\Program Files\Microsoft VS Code\bin;C:\Users\kalma\AppData\Local\GitHubDesktop\bin;D:\Program Files (x86)\Nmap;C:\Users\kalma\.dotnet\tools
USERNAME=kalma
OS=Windows_NT
PROCESSOR_IDENTIFIER=Intel64 Family 6 Model 158 Stepping 9, GenuineIntel



---------------  S Y S T E M  ---------------

OS: Windows 10.0 , 64 bit Build 19041 (10.0.19041.1202)

CPU:total 8 (initial active 8) (4 cores per cpu, 2 threads per core) family 6 model 158 stepping 9, cmov, cx8, fxsr, mmx, sse, sse2, sse3, ssse3, sse4.1, sse4.2, popcnt, avx, avx2, aes, clmul, erms, 3dnowpref, lzcnt, ht, tsc, tscinvbit, bmi1, bmi2, adx

Memory: 4k page, physical 16659276k(2412444k free), swap 47760924k(5120k free)

vm_info: OpenJDK 64-Bit Server VM (25.242-b01) for windows-amd64 JRE (1.8.0_242-release-1644-b01), built by "builder" with MS VC++ 10.0 (VS2010)

time: Wed Nov 10 14:26:25 2021
timezone: Central Europe Standard Time
elapsed time: 57 seconds (0d 0h 0m 57s)

